Removed Parameter LatestRevisionDate:08-Jul-2005 from Part D1
Removed Parameter LatestRevisionDate:17-Jul-2002 from Part BT2
Removed Parameter LatestRevisionDate:17-Jul-2002 from Part C1
Removed Parameter LatestRevisionDate:17-Jul-2002 from Part C2
Removed Parameter LatestRevisionDate:17-Jul-2002 from Part R1
Removed Parameter LatestRevisionDate:17-Jul-2002 from Part SW1
Removed Parameter LatestRevisionDate:29-May-2009 from Part L2
Removed Parameter LatestRevisionNote:IPC-7351 Footprint Added. from Part L2
Removed Parameter LatestRevisionNote:Mech Layer 1 removed. from Part D1
Removed Parameter LatestRevisionNote:Re-released for DXP Platform. from Part BT2
Removed Parameter LatestRevisionNote:Re-released for DXP Platform. from Part C1
Removed Parameter LatestRevisionNote:Re-released for DXP Platform. from Part C2
Removed Parameter LatestRevisionNote:Re-released for DXP Platform. from Part R1
Removed Parameter LatestRevisionNote:Re-released for DXP Platform. from Part SW1
Removed Parameter Published:8-Jun-2000 from Part C1
Removed Parameter Published:8-Jun-2000 from Part C2
Removed Parameter Published:8-Jun-2000 from Part D1
Removed Parameter Published:8-Jun-2000 from Part L2
Removed Parameter Published:8-Jun-2000 from Part R1
Removed Parameter Published:24-Mar-1999 from Part BT2
Removed Parameter Published:24-Mar-1999 from Part SW1
Removed Parameter Publisher:Altium Limited from Part BT2
Removed Parameter Publisher:Altium Limited from Part C1
Removed Parameter Publisher:Altium Limited from Part C2
Removed Parameter Publisher:Altium Limited from Part D1
Removed Parameter Publisher:Altium Limited from Part L2
Removed Parameter Publisher:Altium Limited from Part R1
Removed Parameter Publisher:Altium Limited from Part SW1
Added Parameter Fabricant=Coilcraft to Part L2
Added Parameter Fabricant=Kingbright to Part D1
Added Parameter Fabricant=Marquardt to Part SW1
Added Parameter Fabricant=Multicomp to Part R1
Added Parameter Fabricant=Murata to Part C1
Added Parameter Fabricant=Murata to Part C2
Added Parameter Fournisseur=Farnell to Part C1
Added Parameter Fournisseur=Farnell to Part C2
Added Parameter Fournisseur=Farnell to Part D1
Added Parameter Fournisseur=Farnell to Part L2
Added Parameter Fournisseur=Farnell to Part R1
Added Parameter Fournisseur=Farnell to Part SW1
Added Parameter PackageDescription=Regulator to Part U1
Added Parameter RefFabricant=1801.2106-01 to Part SW1
Added Parameter RefFabricant=KPT-2012LVSECK-J3-PRV to Part D1
Added Parameter RefFabricant=XFL3012-472MEB to Part L2
Added Parameter RefFournisseur=1839447 to Part SW1
Added Parameter RefFournisseur=2289189 to Part L2
Added Parameter RefFournisseur=2610416 to Part D1
Added Parameter RefFournisseur=9331506 to Part R1
Added Parameter Value=2mA, 1.8V to Part D1
