Removed Parameter LatestRevisionDate:08-Jul-2005 from Part D2
Removed Parameter LatestRevisionDate:17-Jul-2002 from Part C3
Removed Parameter LatestRevisionDate:17-Jul-2002 from Part C4
Removed Parameter LatestRevisionDate:17-Jul-2002 from Part C5
Removed Parameter LatestRevisionDate:17-Jul-2002 from Part C6
Removed Parameter LatestRevisionDate:17-Jul-2002 from Part J1
Removed Parameter LatestRevisionDate:17-Jul-2002 from Part R2
Removed Parameter LatestRevisionDate:17-Jul-2002 from Part R4
Removed Parameter LatestRevisionDate:17-Jul-2002 from Part R5
Removed Parameter LatestRevisionDate:17-Jul-2002 from Part VR1
Removed Parameter LatestRevisionNote:Mech Layer 1 removed. from Part D2
Removed Parameter LatestRevisionNote:Re-released for DXP Platform. from Part C3
Removed Parameter LatestRevisionNote:Re-released for DXP Platform. from Part C4
Removed Parameter LatestRevisionNote:Re-released for DXP Platform. from Part C5
Removed Parameter LatestRevisionNote:Re-released for DXP Platform. from Part C6
Removed Parameter LatestRevisionNote:Re-released for DXP Platform. from Part J1
Removed Parameter LatestRevisionNote:Re-released for DXP Platform. from Part R2
Removed Parameter LatestRevisionNote:Re-released for DXP Platform. from Part R4
Removed Parameter LatestRevisionNote:Re-released for DXP Platform. from Part R5
Removed Parameter LatestRevisionNote:Re-released for DXP Platform. from Part VR1
Removed Parameter Published:8-Jun-2000 from Part C3
Removed Parameter Published:8-Jun-2000 from Part C4
Removed Parameter Published:8-Jun-2000 from Part C5
Removed Parameter Published:8-Jun-2000 from Part C6
Removed Parameter Published:8-Jun-2000 from Part D2
Removed Parameter Published:8-Jun-2000 from Part R2
Removed Parameter Published:8-Jun-2000 from Part R4
Removed Parameter Published:8-Jun-2000 from Part R5
Removed Parameter Published:8-Jun-2000 from Part VR1
Removed Parameter Publisher:Altium Limited from Part C3
Removed Parameter Publisher:Altium Limited from Part C4
Removed Parameter Publisher:Altium Limited from Part C5
Removed Parameter Publisher:Altium Limited from Part C6
Removed Parameter Publisher:Altium Limited from Part D2
Removed Parameter Publisher:Altium Limited from Part J1
Removed Parameter Publisher:Altium Limited from Part R2
Removed Parameter Publisher:Altium Limited from Part R4
Removed Parameter Publisher:Altium Limited from Part R5
Removed Parameter Publisher:Altium Limited from Part VR1
Added Parameter Fabricant=Kingbright to Part D2
Added Parameter Fabricant=Multicomp to Part R2
Added Parameter Fabricant=Multicomp to Part R4
Added Parameter Fabricant=Multicomp to Part R5
Added Parameter Fabricant=Murata to Part C3
Added Parameter Fabricant=Murata to Part C4
Added Parameter Fabricant=Murata to Part C5
Added Parameter Fabricant=Murata to Part C6
Added Parameter Fournisseur=Farnell to Part C3
Added Parameter Fournisseur=Farnell to Part C4
Added Parameter Fournisseur=Farnell to Part C5
Added Parameter Fournisseur=Farnell to Part C6
Added Parameter Fournisseur=Farnell to Part D2
Added Parameter Fournisseur=Farnell to Part R2
Added Parameter Fournisseur=Farnell to Part R4
Added Parameter Fournisseur=Farnell to Part R5
Added Parameter Fournisseur=Farnell to Part U2
Added Parameter PackageDescription=Debug Interface to Part J1
Added Parameter PackageDescription=Pic32 to Part U2
Added Parameter RefFabricant=KPT-2012LVSECK-J3-PRV to Part D2
Added Parameter RefFournisseur=2610416 to Part D2
Added Parameter RefFournisseur=9330380 to Part R5
Added Parameter RefFournisseur=9330399 to Part R4
Added Parameter RefFournisseur=9331506 to Part R2
Added Parameter Value=2mA, 1.8V to Part D2
