Removed Parameter LatestRevisionDate:08-Jul-2005 from Part D3
Removed Parameter LatestRevisionDate:17-Jul-2002 from Part C7
Removed Parameter LatestRevisionDate:17-Jul-2002 from Part R3
Removed Parameter LatestRevisionNote:Mech Layer 1 removed. from Part D3
Removed Parameter LatestRevisionNote:Re-released for DXP Platform. from Part C7
Removed Parameter LatestRevisionNote:Re-released for DXP Platform. from Part R3
Removed Parameter Published:8-Jun-2000 from Part C7
Removed Parameter Published:8-Jun-2000 from Part D3
Removed Parameter Published:8-Jun-2000 from Part R3
Removed Parameter Publisher:Altium Limited from Part C7
Removed Parameter Publisher:Altium Limited from Part D3
Removed Parameter Publisher:Altium Limited from Part R3
Added Parameter Fabricant=Kingbright to Part D3
Added Parameter Fabricant=Multicomp to Part R3
Added Parameter Fabricant=Murata to Part C7
Added Parameter Fournisseur=Farnell to Part C7
Added Parameter Fournisseur=Farnell to Part D3
Added Parameter Fournisseur=Farnell to Part R3
Added Parameter PackageDescription=Bluetooth to Part M1
Added Parameter RefFabricant=KPT-2012LVSECK-J3-PRV to Part D3
Added Parameter RefFournisseur=2610416 to Part D3
Added Parameter RefFournisseur=9331506 to Part R3
